* Microsoft COBOL Version 5.0        L2.4 revision 003 10-Nov-15 20:06 Page   1
*                                        EM0301.CBL
* Options: LIST(EM0301.LST) ASMLIST(EM0301.GRP)
     1 IDENTIFICATION DIVISION.
     2 PROGRAM-ID.    EM0301.
     3 AUTHOR.        FABIO COSTA.
     4 INSTALLATION.  FATEC-SP.
     5 DATE-WRITTEN.  10/11/2015.
     6 DATE-COMPILED. 10-Nov-15 2.
     7 SECURITY.      NAO MODIFICAR SEM AUTORIZACAO.
     8*REMARKS.       LER CADENT, GRAVAR EM CADSAI EM ORDEM ASCENDENTE.
     9
    10 ENVIRONMENT DIVISION.
    11 CONFIGURATION SECTION.
    12 OBJECT-COMPUTER.  IBM-PC.
    13 SOURCE-COMPUTER.  IBM-PC.
    14 SPECIAL-NAMES.    DECIMAL-POINT IS COMMA.
    15
    16 INPUT-OUTPUT SECTION.
    17 FILE-CONTROL.
    18     SELECT CADENT ASSIGN TO DISK
    19     ORGANIZATION IS LINE SEQUENTIAL.
    20
    21     SELECT TRAB ASSIGN TO DISK.
    22
    23     SELECT CADSAI ASSIGN TO DISK
    24     ORGANIZATION IS LINE SEQUENTIAL.
    25
    26 DATA DIVISION.
    27 FILE SECTION.
    28
    29 FD CADENT
    30     LABEL RECORD ARE STANDARD
    31     VALUE OF FILE-ID IS "CADENT.DAT".
    32
    33 01 REG-ENT.
    34     02 COD-ENT        PIC 9(05).
    35     02 NOME-ENT       PIC X(30).
    36     02 SEXO-ENT       PIC X.
    37
    38 SD TRAB.
    39
    40 01 REG-TRAB.
    41     02 COD-TRAB       PIC 9(05).
    42     02 NOME-TRAB      PIC X(30).
    43     02 SEXO-TRAB      PIC X.
    44
    45 FD CADSAI
    46     LABEL RECORD ARE STANDARD
    47     VALUE OF FILE-ID IS "CADSAI.DAT".
    48
    49 01 REG-SAI.
    50     02 COD-SAI        PIC 9(05).
    51     02 NOME-SAI       PIC X(30).
    52     02 SEXO-SAI       PIC X.
    53
    54 WORKING-STORAGE SECTION.
    55
    56 77 FIM-ARQ            PIC X(03) VALUE "NAO".
    57
* Microsoft COBOL Version 5.0        L2.4 revision 003 10-Nov-15 20:06 Page   2
*                                        EM0301.CBL
    58 PROCEDURE DIVISION.
    59
    60 EM03-01.
    61     SORT TRAB
    62         ASCENDING KEY COD-TRAB
    63         ASCENDING KEY NOME-TRAB
    64     USING CADENT
    65     GIVING CADSAI.
    66     STOP RUN.
    67
    68
    69
    70
    71
    72
    73
    74
    75
    76
    77
    78
    79
    80
    81
    82
    83
    84
* Microsoft COBOL Version 5.0        L2.4 revision 003
* (C)Copyright Microsoft Corp 1984, 1993       URN AXUPA/ZZ0/00001
*                                              REF GNB-029052003A8
*
* Total Messages:     0
* Data:        1116     Code:         296
