* Microsoft COBOL Version 4.5        L2.4 revision 002 08-Sep-15 16:34 Page   1
*                                      EM0105.CBL
* Options: LIST(EM0105.LST) ASMLIST(EM0105.GRP)
     1 IDENTIFICATION DIVISION.
     2 PROGRAM-ID.      EM0105.
     3 AUTHOR.          FABIO EDUARDO LEONARDO.
     4 INSTALLATION.    FATEC-SP.
     5 DATE-WRITTEN.    02/09/2015.
     6 DATE-COMPILED. 08-Sep-15 16:34.
     7 SECURITY.        MODIFICACAO SOMENTE COM AUTORIZACAO.
     8*REMARKS.         LER OS REGISTROS DE CADALU, CALCULAR A MEDIA
     9*                 E GRAVAR NO ARQUIVO DE SAIDA CADAPR OS REGISTROS
    10*                 TIVEREM MEDIA >= 7,0 E FALTAS <= 18.
    11
    12 ENVIRONMENT DIVISION.
    13
    14 CONFIGURATION SECTION.
    15     SOURCE-COMPUTER. IBM-PC.
    16     OBJECT-COMPUTER. IBM-PC.
    17     SPECIAL-NAMES.   DECIMAL-POINT IS COMMA.
    18
    19 INPUT-OUTPUT SECTION.
    20 FILE-CONTROL.
    21
    22     SELECT CADALU ASSIGN TO DISK
    23     ORGANIZATION IS LINE SEQUENTIAL.
    24
    25     SELECT CADAPR ASSIGN TO DISK
    26     ORGANIZATION IS LINE SEQUENTIAL.
    27
    28 DATA DIVISION.
    29 FILE SECTION.
    30
    31 FD CADALU
    32     LABEL RECORD ARE STANDARD
    33     VALUE OF FILE-ID IS "CADALU.DAT".
    34
    35 01 REG-ENT.
    36     02 NUM-ENT   PIC 9(05).
    37     02 NOME-ENT  PIC X(20).
    38     02 NOTA1     PIC 99V99.
    39     02 NOTA2     PIC 99V99.
    40     02 FALTAS    PIC 99.
    41
    42 FD CADAPR
    43     LABEL RECORD ARE STANDARD
    44     VALUE OF FILE-ID IS "CADAPR.DAT".
    45
    46 01 REG-SAI.
    47     02 NUM-SAI   PIC 9(05).
    48     02 NOME-SAI  PIC X(20).
    49     02 MEDIA     PIC 99V99.
    50
    51 WORKING-STORAGE SECTION.
    52
    53 77 FIM-ARQ       PIC X(03) VALUE "NAO".
    54 77 SOMA          PIC 99v99 VALUE ZEROS.
    55 77 CMEDIA        PIC 99v99 VALUE ZEROS.
    56
    57 PROCEDURE DIVISION.
* Microsoft COBOL Version 4.5        L2.4 revision 002 08-Sep-15 16:34 Page   2
*                                      EM0105.CBL
    58
    59 EM01-05.
    60
    61     PERFORM INICIO.
    62
    63     PERFORM PRINCIPAL
    64             UNTIL FIM-ARQ EQUAL "SIM".
    65
    66         PERFORM TERMINO.
    67
    68     STOP RUN.
    69
    70 INICIO.
    71
    72     OPEN INPUT  CADALU
    73          OUTPUT CADAPR.
    74     PERFORM LEITURA.
    75
    76 LEITURA.
    77
    78     READ CADALU AT END
    79         MOVE "SIM" TO FIM-ARQ.
    80
    81 PRINCIPAL.
    82
    83     PERFORM CALCULO.
    84     PERFORM GRAVACAO.
    85     PERFORM LEITURA.
    86
    87 CALCULO.
    88
    89     ADD NOTA1 NOTA2 GIVING SOMA.
    90     DIVIDE SOMA BY 2 GIVING CMEDIA.
    91
    92 GRAVACAO.
    93
    94     IF CMEDIA IS NOT LESS THAN 7 AND FALTAS IS NOT
    95                     GREATER THAN 18
    96         MOVE CMEDIA TO MEDIA
    97         MOVE NUM-ENT TO NUM-SAI
    98         MOVE NOME-ENT TO NOME-SAI
    99         WRITE REG-SAI.
   100
   101 TERMINO.
   102
   103     CLOSE CADALU
   104           CADAPR.
   105
   106
   107
   108
   109
   110
   111
   112
   113
   114
   115
* Microsoft COBOL Version 4.5        L2.4 revision 002 08-Sep-15 16:34 Page   3
*                                      EM0105.CBL
* Microsoft COBOL Version 4.5        L2.4 revision 002
* (C)Copyright Microsoft Corp 1984, 1991       URN AXUPA/MS0/000000
*                                              REF GNB-024050002A7
*
* Total Messages:     0
* Data:        1048     Code:         371     Dictionary:        1260
